# JRE version: Java(TM) SE Runtime Environment (8.0_60-b27) (build 1.8.0_60-b27)
# Java VM: Java HotSpot(TM) 64-Bit Server VM (25.60-b23 mixed mode windows-amd64 compressed oops)
Heap:
 PSYoungGen      total 373760K, used 268896K [0x00000000d5f00000, 0x00000000f5980000, 0x0000000100000000)
  eden space 360448K, 74% used [0x00000000d5f00000,0x00000000e64a8100,0x00000000ebf00000)
  from space 13312K, 7% used [0x00000000ebf00000,0x00000000ebff0030,0x00000000ecc00000)
  to   space 12800K, 0% used [0x00000000f4d00000,0x00000000f4d00000,0x00000000f5980000)
 ParOldGen       total 72704K, used 24401K [0x0000000081c00000, 0x0000000086300000, 0x00000000d5f00000)
  object space 72704K, 33% used [0x0000000081c00000,0x00000000833d4660,0x0000000086300000)
 Metaspace       used 24112K, capacity 25900K, committed 26112K, reserved 1071104K
  class space    used 3404K, capacity 3739K, committed 3840K, reserved 1048576K
GC Heap History (10 events):
Event: 7.464 GC heap before
{Heap before GC invocations=10 (full 1):
 PSYoungGen      total 191488K, used 181569K [0x00000000d5f00000, 0x00000000e2780000, 0x0000000100000000)
  eden space 179200K, 100% used [0x00000000d5f00000,0x00000000e0e00000,0x00000000e0e00000)
  from space 12288K, 19% used [0x00000000e1a00000,0x00000000e1c50570,0x00000000e2600000)
  to   space 12288K, 0% used [0x00000000e0e00000,0x00000000e0e00000,0x00000000e1a00000)
 ParOldGen       total 72704K, used 22672K [0x0000000081c00000, 0x0000000086300000, 0x00000000d5f00000)
  object space 72704K, 31% used [0x0000000081c00000,0x0000000083224050,0x0000000086300000)
 Metaspace       used 20816K, capacity 22118K, committed 22272K, reserved 1069056K
  class space    used 2935K, capacity 3214K, committed 3328K, reserved 1048576K
Event: 7.466 GC heap after
Heap after GC invocations=10 (full 1):
 PSYoungGen      total 191488K, used 1600K [0x00000000d5f00000, 0x00000000e7900000, 0x0000000100000000)
  eden space 179200K, 0% used [0x00000000d5f00000,0x00000000d5f00000,0x00000000e0e00000)
  from space 12288K, 13% used [0x00000000e0e00000,0x00000000e0f90330,0x00000000e1a00000)
  to   space 12800K, 0% used [0x00000000e6c80000,0x00000000e6c80000,0x00000000e7900000)
 ParOldGen       total 72704K, used 23312K [0x0000000081c00000, 0x0000000086300000, 0x00000000d5f00000)
  object space 72704K, 32% used [0x0000000081c00000,0x00000000832c4290,0x0000000086300000)
 Metaspace       used 20816K, capacity 22118K, committed 22272K, reserved 1069056K
  class space    used 2935K, capacity 3214K, committed 3328K, reserved 1048576K
}
Event: 7.926 GC heap before
{Heap before GC invocations=11 (full 1):
 PSYoungGen      total 191488K, used 180800K [0x00000000d5f00000, 0x00000000e7900000, 0x0000000100000000)
  eden space 179200K, 100% used [0x00000000d5f00000,0x00000000e0e00000,0x00000000e0e00000)
  from space 12288K, 13% used [0x00000000e0e00000,0x00000000e0f90330,0x00000000e1a00000)
  to   space 12800K, 0% used [0x00000000e6c80000,0x00000000e6c80000,0x00000000e7900000)
 ParOldGen       total 72704K, used 23312K [0x0000000081c00000, 0x0000000086300000, 0x00000000d5f00000)
  object space 72704K, 32% used [0x0000000081c00000,0x00000000832c4290,0x0000000086300000)
 Metaspace       used 20883K, capacity 22182K, committed 22528K, reserved 1069056K
  class space    used 2936K, capacity 3214K, committed 3328K, reserved 1048576K
Event: 7.928 GC heap after
Heap after GC invocations=11 (full 1):
 PSYoungGen      total 267776K, used 992K [0x00000000d5f00000, 0x00000000e7580000, 0x0000000100000000)
  eden space 258560K, 0% used [0x00000000d5f00000,0x00000000d5f00000,0x00000000e5b80000)
  from space 9216K, 10% used [0x00000000e6c80000,0x00000000e6d78030,0x00000000e7580000)
  to   space 13312K, 0% used [0x00000000e5b80000,0x00000000e5b80000,0x00000000e6880000)
 ParOldGen       total 72704K, used 24329K [0x0000000081c00000, 0x0000000086300000, 0x00000000d5f00000)
  object space 72704K, 33% used [0x0000000081c00000,0x00000000833c2660,0x0000000086300000)
 Metaspace       used 20883K, capacity 22182K, committed 22528K, reserved 1069056K
  class space    used 2936K, capacity 3214K, committed 3328K, reserved 1048576K
}
Event: 8.362 GC heap before
{Heap before GC invocations=12 (full 1):
 PSYoungGen      total 267776K, used 259552K [0x00000000d5f00000, 0x00000000e7580000, 0x0000000100000000)
  eden space 258560K, 100% used [0x00000000d5f00000,0x00000000e5b80000,0x00000000e5b80000)
  from space 9216K, 10% used [0x00000000e6c80000,0x00000000e6d78030,0x00000000e7580000)
  to   space 13312K, 0% used [0x00000000e5b80000,0x00000000e5b80000,0x00000000e6880000)
 ParOldGen       total 72704K, used 24329K [0x0000000081c00000, 0x0000000086300000, 0x00000000d5f00000)
  object space 72704K, 33% used [0x0000000081c00000,0x00000000833c2660,0x0000000086300000)
 Metaspace       used 20913K, capacity 22246K, committed 22528K, reserved 1069056K
  class space    used 2937K, capacity 3214K, committed 3328K, reserved 1048576K
Event: 8.363 GC heap after
Heap after GC invocations=12 (full 1):
 PSYoungGen      total 271872K, used 608K [0x00000000d5f00000, 0x00000000ede00000, 0x0000000100000000)
  eden space 258560K, 0% used [0x00000000d5f00000,0x00000000d5f00000,0x00000000e5b80000)
  from space 13312K, 4% used [0x00000000e5b80000,0x00000000e5c18030,0x00000000e6880000)
  to   space 13312K, 0% used [0x00000000ed100000,0x00000000ed100000,0x00000000ede00000)
 ParOldGen       total 72704K, used 24361K [0x0000000081c00000, 0x0000000086300000, 0x00000000d5f00000)
  object space 72704K, 33% used [0x0000000081c00000,0x00000000833ca660,0x0000000086300000)
 Metaspace       used 20913K, capacity 22246K, committed 22528K, reserved 1069056K
  class space    used 2937K, capacity 3214K, committed 3328K, reserved 1048576K
}
Event: 8.683 GC heap before
{Heap before GC invocations=13 (full 1):
 PSYoungGen      total 271872K, used 259168K [0x00000000d5f00000, 0x00000000ede00000, 0x0000000100000000)
  eden space 258560K, 100% used [0x00000000d5f00000,0x00000000e5b80000,0x00000000e5b80000)
  from space 13312K, 4% used [0x00000000e5b80000,0x00000000e5c18030,0x00000000e6880000)
  to   space 13312K, 0% used [0x00000000ed100000,0x00000000ed100000,0x00000000ede00000)
 ParOldGen       total 72704K, used 24361K [0x0000000081c00000, 0x0000000086300000, 0x00000000d5f00000)
  object space 72704K, 33% used [0x0000000081c00000,0x00000000833ca660,0x0000000086300000)
 Metaspace       used 20922K, capacity 22246K, committed 22528K, reserved 1069056K
  class space    used 2937K, capacity 3214K, committed 3328K, reserved 1048576K
Event: 8.685 GC heap after
Heap after GC invocations=13 (full 1):
 PSYoungGen      total 368640K, used 800K [0x00000000d5f00000, 0x00000000ed900000, 0x0000000100000000)
  eden space 360448K, 0% used [0x00000000d5f00000,0x00000000d5f00000,0x00000000ebf00000)
  from space 8192K, 9% used [0x00000000ed100000,0x00000000ed1c8030,0x00000000ed900000)
  to   space 13312K, 0% used [0x00000000ebf00000,0x00000000ebf00000,0x00000000ecc00000)
 ParOldGen       total 72704K, used 24377K [0x0000000081c00000, 0x0000000086300000, 0x00000000d5f00000)
  object space 72704K, 33% used [0x0000000081c00000,0x00000000833ce660,0x0000000086300000)
 Metaspace       used 20922K, capacity 22246K, committed 22528K, reserved 1069056K
  class space    used 2937K, capacity 3214K, committed 3328K, reserved 1048576K
}
Event: 9.156 GC heap before
{Heap before GC invocations=14 (full 1):
 PSYoungGen      total 368640K, used 361248K [0x00000000d5f00000, 0x00000000ed900000, 0x0000000100000000)
  eden space 360448K, 100% used [0x00000000d5f00000,0x00000000ebf00000,0x00000000ebf00000)
  from space 8192K, 9% used [0x00000000ed100000,0x00000000ed1c8030,0x00000000ed900000)
  to   space 13312K, 0% used [0x00000000ebf00000,0x00000000ebf00000,0x00000000ecc00000)
 ParOldGen       total 72704K, used 24377K [0x0000000081c00000, 0x0000000086300000, 0x00000000d5f00000)
  object space 72704K, 33% used [0x0000000081c00000,0x00000000833ce660,0x0000000086300000)
 Metaspace       used 20925K, capacity 22246K, committed 22528K, reserved 1069056K
  class space    used 2937K, capacity 3214K, committed 3328K, reserved 1048576K
Event: 9.157 GC heap after
Heap after GC invocations=14 (full 1):
 PSYoungGen      total 373760K, used 960K [0x00000000d5f00000, 0x00000000f5980000, 0x0000000100000000)
  eden space 360448K, 0% used [0x00000000d5f00000,0x00000000d5f00000,0x00000000ebf00000)
  from space 13312K, 7% used [0x00000000ebf00000,0x00000000ebff0030,0x00000000ecc00000)
  to   space 12800K, 0% used [0x00000000f4d00000,0x00000000f4d00000,0x00000000f5980000)
 ParOldGen       total 72704K, used 24401K [0x0000000081c00000, 0x0000000086300000, 0x00000000d5f00000)
  object space 72704K, 33% used [0x0000000081c00000,0x00000000833d4660,0x0000000086300000)
 Metaspace       used 20925K, capacity 22246K, committed 22528K, reserved 1069056K
  class space    used 2937K, capacity 3214K, committed 3328K, reserved 1048576K
}

