# JRE version: Java(TM) SE Runtime Environment (8.0_60-b27) (build 1.8.0_60-b27)
# Java VM: Java HotSpot(TM) 64-Bit Server VM (25.60-b23 mixed mode windows-amd64 compressed oops)
Heap:
 PSYoungGen      total 419840K, used 148623K [0x00000000d5f00000, 0x00000000f0d00000, 0x0000000100000000)
  eden space 412672K, 35% used [0x00000000d5f00000,0x00000000def1fee8,0x00000000ef200000)
  from space 7168K, 14% used [0x00000000f0600000,0x00000000f0704020,0x00000000f0d00000)
  to   space 13824K, 0% used [0x00000000ef200000,0x00000000ef200000,0x00000000eff80000)
 ParOldGen       total 77312K, used 25041K [0x0000000081c00000, 0x0000000086780000, 0x00000000d5f00000)
  object space 77312K, 32% used [0x0000000081c00000,0x0000000083474540,0x0000000086780000)
 Metaspace       used 24740K, capacity 26538K, committed 26880K, reserved 1073152K
  class space    used 3414K, capacity 3746K, committed 3840K, reserved 1048576K
GC Heap History (10 events):
Event: 7.070 GC heap before
{Heap before GC invocations=11 (full 1):
 PSYoungGen      total 177664K, used 165600K [0x00000000d5f00000, 0x00000000e6280000, 0x0000000100000000)
  eden space 163840K, 100% used [0x00000000d5f00000,0x00000000dff00000,0x00000000dff00000)
  from space 13824K, 12% used [0x00000000dff00000,0x00000000e00b8370,0x00000000e0c80000)
  to   space 14336K, 0% used [0x00000000e5480000,0x00000000e5480000,0x00000000e6280000)
 ParOldGen       total 77312K, used 23928K [0x0000000081c00000, 0x0000000086780000, 0x00000000d5f00000)
  object space 77312K, 30% used [0x0000000081c00000,0x000000008335e170,0x0000000086780000)
 Metaspace       used 20962K, capacity 22254K, committed 22528K, reserved 1069056K
  class space    used 2940K, capacity 3216K, committed 3328K, reserved 1048576K
Event: 7.071 GC heap after
Heap after GC invocations=11 (full 1):
 PSYoungGen      total 241152K, used 512K [0x00000000d5f00000, 0x00000000e5d80000, 0x0000000100000000)
  eden space 231936K, 0% used [0x00000000d5f00000,0x00000000d5f00000,0x00000000e4180000)
  from space 9216K, 5% used [0x00000000e5480000,0x00000000e5500030,0x00000000e5d80000)
  to   space 14336K, 0% used [0x00000000e4180000,0x00000000e4180000,0x00000000e4f80000)
 ParOldGen       total 77312K, used 24953K [0x0000000081c00000, 0x0000000086780000, 0x00000000d5f00000)
  object space 77312K, 32% used [0x0000000081c00000,0x000000008345e540,0x0000000086780000)
 Metaspace       used 20962K, capacity 22254K, committed 22528K, reserved 1069056K
  class space    used 2940K, capacity 3216K, committed 3328K, reserved 1048576K
}
Event: 7.569 GC heap before
{Heap before GC invocations=12 (full 1):
 PSYoungGen      total 241152K, used 232448K [0x00000000d5f00000, 0x00000000e5d80000, 0x0000000100000000)
  eden space 231936K, 100% used [0x00000000d5f00000,0x00000000e4180000,0x00000000e4180000)
  from space 9216K, 5% used [0x00000000e5480000,0x00000000e5500030,0x00000000e5d80000)
  to   space 14336K, 0% used [0x00000000e4180000,0x00000000e4180000,0x00000000e4f80000)
 ParOldGen       total 77312K, used 24953K [0x0000000081c00000, 0x0000000086780000, 0x00000000d5f00000)
  object space 77312K, 32% used [0x0000000081c00000,0x000000008345e540,0x0000000086780000)
 Metaspace       used 21016K, capacity 22318K, committed 22528K, reserved 1069056K
  class space    used 2941K, capacity 3216K, committed 3328K, reserved 1048576K
Event: 7.571 GC heap after
Heap after GC invocations=12 (full 1):
 PSYoungGen      total 246272K, used 592K [0x00000000d5f00000, 0x00000000eb600000, 0x0000000100000000)
  eden space 231936K, 0% used [0x00000000d5f00000,0x00000000d5f00000,0x00000000e4180000)
  from space 14336K, 4% used [0x00000000e4180000,0x00000000e4214020,0x00000000e4f80000)
  to   space 14336K, 0% used [0x00000000ea800000,0x00000000ea800000,0x00000000eb600000)
 ParOldGen       total 77312K, used 24977K [0x0000000081c00000, 0x0000000086780000, 0x00000000d5f00000)
  object space 77312K, 32% used [0x0000000081c00000,0x0000000083464540,0x0000000086780000)
 Metaspace       used 21016K, capacity 22318K, committed 22528K, reserved 1069056K
  class space    used 2941K, capacity 3216K, committed 3328K, reserved 1048576K
}
Event: 8.032 GC heap before
{Heap before GC invocations=13 (full 1):
 PSYoungGen      total 246272K, used 232528K [0x00000000d5f00000, 0x00000000eb600000, 0x0000000100000000)
  eden space 231936K, 100% used [0x00000000d5f00000,0x00000000e4180000,0x00000000e4180000)
  from space 14336K, 4% used [0x00000000e4180000,0x00000000e4214020,0x00000000e4f80000)
  to   space 14336K, 0% used [0x00000000ea800000,0x00000000ea800000,0x00000000eb600000)
 ParOldGen       total 77312K, used 24977K [0x0000000081c00000, 0x0000000086780000, 0x00000000d5f00000)
  object space 77312K, 32% used [0x0000000081c00000,0x0000000083464540,0x0000000086780000)
 Metaspace       used 21024K, capacity 22318K, committed 22528K, reserved 1069056K
  class space    used 2941K, capacity 3216K, committed 3328K, reserved 1048576K
Event: 8.033 GC heap after
Heap after GC invocations=13 (full 1):
 PSYoungGen      total 321536K, used 608K [0x00000000d5f00000, 0x00000000eae80000, 0x0000000100000000)
  eden space 314880K, 0% used [0x00000000d5f00000,0x00000000d5f00000,0x00000000e9280000)
  from space 6656K, 9% used [0x00000000ea800000,0x00000000ea898030,0x00000000eae80000)
  to   space 14336K, 0% used [0x00000000e9280000,0x00000000e9280000,0x00000000ea080000)
 ParOldGen       total 77312K, used 25001K [0x0000000081c00000, 0x0000000086780000, 0x00000000d5f00000)
  object space 77312K, 32% used [0x0000000081c00000,0x000000008346a540,0x0000000086780000)
 Metaspace       used 21024K, capacity 22318K, committed 22528K, reserved 1069056K
  class space    used 2941K, capacity 3216K, committed 3328K, reserved 1048576K
}
Event: 8.683 GC heap before
{Heap before GC invocations=14 (full 1):
 PSYoungGen      total 321536K, used 315488K [0x00000000d5f00000, 0x00000000eae80000, 0x0000000100000000)
  eden space 314880K, 100% used [0x00000000d5f00000,0x00000000e9280000,0x00000000e9280000)
  from space 6656K, 9% used [0x00000000ea800000,0x00000000ea898030,0x00000000eae80000)
  to   space 14336K, 0% used [0x00000000e9280000,0x00000000e9280000,0x00000000ea080000)
 ParOldGen       total 77312K, used 25001K [0x0000000081c00000, 0x0000000086780000, 0x00000000d5f00000)
  object space 77312K, 32% used [0x0000000081c00000,0x000000008346a540,0x0000000086780000)
 Metaspace       used 21075K, capacity 22318K, committed 22528K, reserved 1069056K
  class space    used 2942K, capacity 3216K, committed 3328K, reserved 1048576K
Event: 8.686 GC heap after
Heap after GC invocations=14 (full 1):
 PSYoungGen      total 329216K, used 1120K [0x00000000d5f00000, 0x00000000f1380000, 0x0000000100000000)
  eden space 314880K, 0% used [0x00000000d5f00000,0x00000000d5f00000,0x00000000e9280000)
  from space 14336K, 7% used [0x00000000e9280000,0x00000000e9398030,0x00000000ea080000)
  to   space 13824K, 0% used [0x00000000f0600000,0x00000000f0600000,0x00000000f1380000)
 ParOldGen       total 77312K, used 25017K [0x0000000081c00000, 0x0000000086780000, 0x00000000d5f00000)
  object space 77312K, 32% used [0x0000000081c00000,0x000000008346e540,0x0000000086780000)
 Metaspace       used 21075K, capacity 22318K, committed 22528K, reserved 1069056K
  class space    used 2942K, capacity 3216K, committed 3328K, reserved 1048576K
}
Event: 9.297 GC heap before
{Heap before GC invocations=15 (full 1):
 PSYoungGen      total 329216K, used 316000K [0x00000000d5f00000, 0x00000000f1380000, 0x0000000100000000)
  eden space 314880K, 100% used [0x00000000d5f00000,0x00000000e9280000,0x00000000e9280000)
  from space 14336K, 7% used [0x00000000e9280000,0x00000000e9398030,0x00000000ea080000)
  to   space 13824K, 0% used [0x00000000f0600000,0x00000000f0600000,0x00000000f1380000)
 ParOldGen       total 77312K, used 25017K [0x0000000081c00000, 0x0000000086780000, 0x00000000d5f00000)
  object space 77312K, 32% used [0x0000000081c00000,0x000000008346e540,0x0000000086780000)
 Metaspace       used 21084K, capacity 22318K, committed 22528K, reserved 1069056K
  class space    used 2942K, capacity 3216K, committed 3328K, reserved 1048576K
Event: 9.299 GC heap after
Heap after GC invocations=15 (full 1):
 PSYoungGen      total 419840K, used 1040K [0x00000000d5f00000, 0x00000000f0d00000, 0x0000000100000000)
  eden space 412672K, 0% used [0x00000000d5f00000,0x00000000d5f00000,0x00000000ef200000)
  from space 7168K, 14% used [0x00000000f0600000,0x00000000f0704020,0x00000000f0d00000)
  to   space 13824K, 0% used [0x00000000ef200000,0x00000000ef200000,0x00000000eff80000)
 ParOldGen       total 77312K, used 25041K [0x0000000081c00000, 0x0000000086780000, 0x00000000d5f00000)
  object space 77312K, 32% used [0x0000000081c00000,0x0000000083474540,0x0000000086780000)
 Metaspace       used 21084K, capacity 22318K, committed 22528K, reserved 1069056K
  class space    used 2942K, capacity 3216K, committed 3328K, reserved 1048576K
}

