# JRE version: Java(TM) SE Runtime Environment (8.0_60-b27) (build 1.8.0_60-b27)
# Java VM: Java HotSpot(TM) 64-Bit Server VM (25.60-b23 mixed mode windows-amd64 compressed oops)
Heap:
 PSYoungGen      total 406528K, used 141748K [0x00000000d5f00000, 0x00000000f0200000, 0x0000000100000000)
  eden space 403456K, 34% used [0x00000000d5f00000,0x00000000de87d3b8,0x00000000ee900000)
  from space 3072K, 31% used [0x00000000eff00000,0x00000000efff0030,0x00000000f0200000)
  to   space 12800K, 0% used [0x00000000ee900000,0x00000000ee900000,0x00000000ef580000)
 ParOldGen       total 74240K, used 24643K [0x0000000081c00000, 0x0000000086480000, 0x00000000d5f00000)
  object space 74240K, 33% used [0x0000000081c00000,0x0000000083410fa8,0x0000000086480000)
 Metaspace       used 23623K, capacity 25306K, committed 25472K, reserved 1071104K
  class space    used 3351K, capacity 3686K, committed 3712K, reserved 1048576K
GC Heap History (10 events):
Event: 6.540 GC heap before
{Heap before GC invocations=11 (full 1):
 PSYoungGen      total 175616K, used 164864K [0x00000000d5f00000, 0x00000000e5f00000, 0x0000000100000000)
  eden space 163328K, 100% used [0x00000000d5f00000,0x00000000dfe80000,0x00000000dfe80000)
  from space 12288K, 12% used [0x00000000dfe80000,0x00000000e0000370,0x00000000e0a80000)
  to   space 12800K, 0% used [0x00000000e5280000,0x00000000e5280000,0x00000000e5f00000)
 ParOldGen       total 74240K, used 23322K [0x0000000081c00000, 0x0000000086480000, 0x00000000d5f00000)
  object space 74240K, 31% used [0x0000000081c00000,0x00000000832c6b28,0x0000000086480000)
 Metaspace       used 20850K, capacity 22170K, committed 22528K, reserved 1069056K
  class space    used 2935K, capacity 3214K, committed 3328K, reserved 1048576K
Event: 6.542 GC heap after
Heap after GC invocations=11 (full 1):
 PSYoungGen      total 241152K, used 704K [0x00000000d5f00000, 0x00000000e5b80000, 0x0000000100000000)
  eden space 231936K, 0% used [0x00000000d5f00000,0x00000000d5f00000,0x00000000e4180000)
  from space 9216K, 7% used [0x00000000e5280000,0x00000000e5330030,0x00000000e5b80000)
  to   space 13312K, 0% used [0x00000000e4180000,0x00000000e4180000,0x00000000e4e80000)
 ParOldGen       total 74240K, used 24531K [0x0000000081c00000, 0x0000000086480000, 0x00000000d5f00000)
  object space 74240K, 33% used [0x0000000081c00000,0x00000000833f4fa8,0x0000000086480000)
 Metaspace       used 20850K, capacity 22170K, committed 22528K, reserved 1069056K
  class space    used 2935K, capacity 3214K, committed 3328K, reserved 1048576K
}
Event: 7.032 GC heap before
{Heap before GC invocations=12 (full 1):
 PSYoungGen      total 241152K, used 232640K [0x00000000d5f00000, 0x00000000e5b80000, 0x0000000100000000)
  eden space 231936K, 100% used [0x00000000d5f00000,0x00000000e4180000,0x00000000e4180000)
  from space 9216K, 7% used [0x00000000e5280000,0x00000000e5330030,0x00000000e5b80000)
  to   space 13312K, 0% used [0x00000000e4180000,0x00000000e4180000,0x00000000e4e80000)
 ParOldGen       total 74240K, used 24531K [0x0000000081c00000, 0x0000000086480000, 0x00000000d5f00000)
  object space 74240K, 33% used [0x0000000081c00000,0x00000000833f4fa8,0x0000000086480000)
 Metaspace       used 20900K, capacity 22170K, committed 22528K, reserved 1069056K
  class space    used 2935K, capacity 3214K, committed 3328K, reserved 1048576K
Event: 7.034 GC heap after
Heap after GC invocations=12 (full 1):
 PSYoungGen      total 245248K, used 512K [0x00000000d5f00000, 0x00000000eb280000, 0x0000000100000000)
  eden space 231936K, 0% used [0x00000000d5f00000,0x00000000d5f00000,0x00000000e4180000)
  from space 13312K, 3% used [0x00000000e4180000,0x00000000e4200030,0x00000000e4e80000)
  to   space 13312K, 0% used [0x00000000ea580000,0x00000000ea580000,0x00000000eb280000)
 ParOldGen       total 74240K, used 24563K [0x0000000081c00000, 0x0000000086480000, 0x00000000d5f00000)
  object space 74240K, 33% used [0x0000000081c00000,0x00000000833fcfa8,0x0000000086480000)
 Metaspace       used 20900K, capacity 22170K, committed 22528K, reserved 1069056K
  class space    used 2935K, capacity 3214K, committed 3328K, reserved 1048576K
}
Event: 7.397 GC heap before
{Heap before GC invocations=13 (full 1):
 PSYoungGen      total 245248K, used 232448K [0x00000000d5f00000, 0x00000000eb280000, 0x0000000100000000)
  eden space 231936K, 100% used [0x00000000d5f00000,0x00000000e4180000,0x00000000e4180000)
  from space 13312K, 3% used [0x00000000e4180000,0x00000000e4200030,0x00000000e4e80000)
  to   space 13312K, 0% used [0x00000000ea580000,0x00000000ea580000,0x00000000eb280000)
 ParOldGen       total 74240K, used 24563K [0x0000000081c00000, 0x0000000086480000, 0x00000000d5f00000)
  object space 74240K, 33% used [0x0000000081c00000,0x00000000833fcfa8,0x0000000086480000)
 Metaspace       used 20942K, capacity 22234K, committed 22528K, reserved 1069056K
  class space    used 2936K, capacity 3214K, committed 3328K, reserved 1048576K
Event: 7.398 GC heap after
Heap after GC invocations=13 (full 1):
 PSYoungGen      total 318976K, used 384K [0x00000000d5f00000, 0x00000000eab00000, 0x0000000100000000)
  eden space 313344K, 0% used [0x00000000d5f00000,0x00000000d5f00000,0x00000000e9100000)
  from space 5632K, 6% used [0x00000000ea580000,0x00000000ea5e0000,0x00000000eab00000)
  to   space 13312K, 0% used [0x00000000e9100000,0x00000000e9100000,0x00000000e9e00000)
 ParOldGen       total 74240K, used 24587K [0x0000000081c00000, 0x0000000086480000, 0x00000000d5f00000)
  object space 74240K, 33% used [0x0000000081c00000,0x0000000083402fa8,0x0000000086480000)
 Metaspace       used 20942K, capacity 22234K, committed 22528K, reserved 1069056K
  class space    used 2936K, capacity 3214K, committed 3328K, reserved 1048576K
}
Event: 7.968 GC heap before
{Heap before GC invocations=14 (full 1):
 PSYoungGen      total 318976K, used 313728K [0x00000000d5f00000, 0x00000000eab00000, 0x0000000100000000)
  eden space 313344K, 100% used [0x00000000d5f00000,0x00000000e9100000,0x00000000e9100000)
  from space 5632K, 6% used [0x00000000ea580000,0x00000000ea5e0000,0x00000000eab00000)
  to   space 13312K, 0% used [0x00000000e9100000,0x00000000e9100000,0x00000000e9e00000)
 ParOldGen       total 74240K, used 24587K [0x0000000081c00000, 0x0000000086480000, 0x00000000d5f00000)
  object space 74240K, 33% used [0x0000000081c00000,0x0000000083402fa8,0x0000000086480000)
 Metaspace       used 20951K, capacity 22234K, committed 22528K, reserved 1069056K
  class space    used 2937K, capacity 3214K, committed 3328K, reserved 1048576K
Event: 7.970 GC heap after
Heap after GC invocations=14 (full 1):
 PSYoungGen      total 326656K, used 656K [0x00000000d5f00000, 0x00000000f0c00000, 0x0000000100000000)
  eden space 313344K, 0% used [0x00000000d5f00000,0x00000000d5f00000,0x00000000e9100000)
  from space 13312K, 4% used [0x00000000e9100000,0x00000000e91a4020,0x00000000e9e00000)
  to   space 13312K, 0% used [0x00000000eff00000,0x00000000eff00000,0x00000000f0c00000)
 ParOldGen       total 74240K, used 24611K [0x0000000081c00000, 0x0000000086480000, 0x00000000d5f00000)
  object space 74240K, 33% used [0x0000000081c00000,0x0000000083408fa8,0x0000000086480000)
 Metaspace       used 20951K, capacity 22234K, committed 22528K, reserved 1069056K
  class space    used 2937K, capacity 3214K, committed 3328K, reserved 1048576K
}
Event: 8.467 GC heap before
{Heap before GC invocations=15 (full 1):
 PSYoungGen      total 326656K, used 314000K [0x00000000d5f00000, 0x00000000f0c00000, 0x0000000100000000)
  eden space 313344K, 100% used [0x00000000d5f00000,0x00000000e9100000,0x00000000e9100000)
  from space 13312K, 4% used [0x00000000e9100000,0x00000000e91a4020,0x00000000e9e00000)
  to   space 13312K, 0% used [0x00000000eff00000,0x00000000eff00000,0x00000000f0c00000)
 ParOldGen       total 74240K, used 24611K [0x0000000081c00000, 0x0000000086480000, 0x00000000d5f00000)
  object space 74240K, 33% used [0x0000000081c00000,0x0000000083408fa8,0x0000000086480000)
 Metaspace       used 20967K, capacity 22234K, committed 22528K, reserved 1069056K
  class space    used 2937K, capacity 3214K, committed 3328K, reserved 1048576K
Event: 8.468 GC heap after
Heap after GC invocations=15 (full 1):
 PSYoungGen      total 406528K, used 960K [0x00000000d5f00000, 0x00000000f0200000, 0x0000000100000000)
  eden space 403456K, 0% used [0x00000000d5f00000,0x00000000d5f00000,0x00000000ee900000)
  from space 3072K, 31% used [0x00000000eff00000,0x00000000efff0030,0x00000000f0200000)
  to   space 12800K, 0% used [0x00000000ee900000,0x00000000ee900000,0x00000000ef580000)
 ParOldGen       total 74240K, used 24643K [0x0000000081c00000, 0x0000000086480000, 0x00000000d5f00000)
  object space 74240K, 33% used [0x0000000081c00000,0x0000000083410fa8,0x0000000086480000)
 Metaspace       used 20967K, capacity 22234K, committed 22528K, reserved 1069056K
  class space    used 2937K, capacity 3214K, committed 3328K, reserved 1048576K
}

