# JRE version: Java(TM) SE Runtime Environment (8.0_60-b27) (build 1.8.0_60-b27)
# Java VM: Java HotSpot(TM) 64-Bit Server VM (25.60-b23 mixed mode windows-amd64 compressed oops)
Heap:
 PSYoungGen      total 403968K, used 206195K [0x00000000d5f00000, 0x00000000efb80000, 0x0000000100000000)
  eden space 396800K, 51% used [0x00000000d5f00000,0x00000000e275cca0,0x00000000ee280000)
  from space 7168K, 14% used [0x00000000ef480000,0x00000000ef580030,0x00000000efb80000)
  to   space 12800K, 0% used [0x00000000ee280000,0x00000000ee280000,0x00000000eef00000)
 ParOldGen       total 74752K, used 24294K [0x0000000081c00000, 0x0000000086500000, 0x00000000d5f00000)
  object space 74752K, 32% used [0x0000000081c00000,0x00000000833b9b38,0x0000000086500000)
 Metaspace       used 24005K, capacity 25750K, committed 25856K, reserved 1071104K
  class space    used 3402K, capacity 3746K, committed 3840K, reserved 1048576K
GC Heap History (10 events):
Event: 6.029 GC heap before
{Heap before GC invocations=11 (full 1):
 PSYoungGen      total 172544K, used 162144K [0x00000000d5f00000, 0x00000000e5900000, 0x0000000100000000)
  eden space 160256K, 100% used [0x00000000d5f00000,0x00000000dfb80000,0x00000000dfb80000)
  from space 12288K, 15% used [0x00000000dfb80000,0x00000000dfd58390,0x00000000e0780000)
  to   space 12800K, 0% used [0x00000000e4c80000,0x00000000e4c80000,0x00000000e5900000)
 ParOldGen       total 74752K, used 23245K [0x0000000081c00000, 0x0000000086500000, 0x00000000d5f00000)
  object space 74752K, 31% used [0x0000000081c00000,0x00000000832b37b8,0x0000000086500000)
 Metaspace       used 20862K, capacity 22182K, committed 22528K, reserved 1069056K
  class space    used 2936K, capacity 3214K, committed 3328K, reserved 1048576K
Event: 6.031 GC heap after
Heap after GC invocations=11 (full 1):
 PSYoungGen      total 236032K, used 704K [0x00000000d5f00000, 0x00000000e5600000, 0x0000000100000000)
  eden space 226304K, 0% used [0x00000000d5f00000,0x00000000d5f00000,0x00000000e3c00000)
  from space 9728K, 7% used [0x00000000e4c80000,0x00000000e4d30030,0x00000000e5600000)
  to   space 13312K, 0% used [0x00000000e3c00000,0x00000000e3c00000,0x00000000e4900000)
 ParOldGen       total 74752K, used 24166K [0x0000000081c00000, 0x0000000086500000, 0x00000000d5f00000)
  object space 74752K, 32% used [0x0000000081c00000,0x0000000083399b28,0x0000000086500000)
 Metaspace       used 20862K, capacity 22182K, committed 22528K, reserved 1069056K
  class space    used 2936K, capacity 3214K, committed 3328K, reserved 1048576K
}
Event: 6.515 GC heap before
{Heap before GC invocations=12 (full 1):
 PSYoungGen      total 236032K, used 227008K [0x00000000d5f00000, 0x00000000e5600000, 0x0000000100000000)
  eden space 226304K, 100% used [0x00000000d5f00000,0x00000000e3c00000,0x00000000e3c00000)
  from space 9728K, 7% used [0x00000000e4c80000,0x00000000e4d30030,0x00000000e5600000)
  to   space 13312K, 0% used [0x00000000e3c00000,0x00000000e3c00000,0x00000000e4900000)
 ParOldGen       total 74752K, used 24166K [0x0000000081c00000, 0x0000000086500000, 0x00000000d5f00000)
  object space 74752K, 32% used [0x0000000081c00000,0x0000000083399b28,0x0000000086500000)
 Metaspace       used 20953K, capacity 22246K, committed 22528K, reserved 1069056K
  class space    used 2938K, capacity 3214K, committed 3328K, reserved 1048576K
Event: 6.516 GC heap after
Heap after GC invocations=12 (full 1):
 PSYoungGen      total 239616K, used 704K [0x00000000d5f00000, 0x00000000eaa00000, 0x0000000100000000)
  eden space 226304K, 0% used [0x00000000d5f00000,0x00000000d5f00000,0x00000000e3c00000)
  from space 13312K, 5% used [0x00000000e3c00000,0x00000000e3cb0030,0x00000000e4900000)
  to   space 13312K, 0% used [0x00000000e9d00000,0x00000000e9d00000,0x00000000eaa00000)
 ParOldGen       total 74752K, used 24206K [0x0000000081c00000, 0x0000000086500000, 0x00000000d5f00000)
  object space 74752K, 32% used [0x0000000081c00000,0x00000000833a3b38,0x0000000086500000)
 Metaspace       used 20953K, capacity 22246K, committed 22528K, reserved 1069056K
  class space    used 2938K, capacity 3214K, committed 3328K, reserved 1048576K
}
Event: 6.845 GC heap before
{Heap before GC invocations=13 (full 1):
 PSYoungGen      total 239616K, used 227008K [0x00000000d5f00000, 0x00000000eaa00000, 0x0000000100000000)
  eden space 226304K, 100% used [0x00000000d5f00000,0x00000000e3c00000,0x00000000e3c00000)
  from space 13312K, 5% used [0x00000000e3c00000,0x00000000e3cb0030,0x00000000e4900000)
  to   space 13312K, 0% used [0x00000000e9d00000,0x00000000e9d00000,0x00000000eaa00000)
 ParOldGen       total 74752K, used 24206K [0x0000000081c00000, 0x0000000086500000, 0x00000000d5f00000)
  object space 74752K, 32% used [0x0000000081c00000,0x00000000833a3b38,0x0000000086500000)
 Metaspace       used 20956K, capacity 22246K, committed 22528K, reserved 1069056K
  class space    used 2938K, capacity 3214K, committed 3328K, reserved 1048576K
Event: 6.846 GC heap after
Heap after GC invocations=13 (full 1):
 PSYoungGen      total 312320K, used 608K [0x00000000d5f00000, 0x00000000ea380000, 0x0000000100000000)
  eden space 305664K, 0% used [0x00000000d5f00000,0x00000000d5f00000,0x00000000e8980000)
  from space 6656K, 9% used [0x00000000e9d00000,0x00000000e9d98030,0x00000000ea380000)
  to   space 13312K, 0% used [0x00000000e8980000,0x00000000e8980000,0x00000000e9680000)
 ParOldGen       total 74752K, used 24238K [0x0000000081c00000, 0x0000000086500000, 0x00000000d5f00000)
  object space 74752K, 32% used [0x0000000081c00000,0x00000000833abb38,0x0000000086500000)
 Metaspace       used 20956K, capacity 22246K, committed 22528K, reserved 1069056K
  class space    used 2938K, capacity 3214K, committed 3328K, reserved 1048576K
}
Event: 7.392 GC heap before
{Heap before GC invocations=14 (full 1):
 PSYoungGen      total 312320K, used 306272K [0x00000000d5f00000, 0x00000000ea380000, 0x0000000100000000)
  eden space 305664K, 100% used [0x00000000d5f00000,0x00000000e8980000,0x00000000e8980000)
  from space 6656K, 9% used [0x00000000e9d00000,0x00000000e9d98030,0x00000000ea380000)
  to   space 13312K, 0% used [0x00000000e8980000,0x00000000e8980000,0x00000000e9680000)
 ParOldGen       total 74752K, used 24238K [0x0000000081c00000, 0x0000000086500000, 0x00000000d5f00000)
  object space 74752K, 32% used [0x0000000081c00000,0x00000000833abb38,0x0000000086500000)
 Metaspace       used 20979K, capacity 22246K, committed 22528K, reserved 1069056K
  class space    used 2938K, capacity 3214K, committed 3328K, reserved 1048576K
Event: 7.393 GC heap after
Heap after GC invocations=14 (full 1):
 PSYoungGen      total 318976K, used 832K [0x00000000d5f00000, 0x00000000f0100000, 0x0000000100000000)
  eden space 305664K, 0% used [0x00000000d5f00000,0x00000000d5f00000,0x00000000e8980000)
  from space 13312K, 6% used [0x00000000e8980000,0x00000000e8a50030,0x00000000e9680000)
  to   space 12800K, 0% used [0x00000000ef480000,0x00000000ef480000,0x00000000f0100000)
 ParOldGen       total 74752K, used 24270K [0x0000000081c00000, 0x0000000086500000, 0x00000000d5f00000)
  object space 74752K, 32% used [0x0000000081c00000,0x00000000833b3b38,0x0000000086500000)
 Metaspace       used 20979K, capacity 22246K, committed 22528K, reserved 1069056K
  class space    used 2938K, capacity 3214K, committed 3328K, reserved 1048576K
}
Event: 7.719 GC heap before
{Heap before GC invocations=15 (full 1):
 PSYoungGen      total 318976K, used 306496K [0x00000000d5f00000, 0x00000000f0100000, 0x0000000100000000)
  eden space 305664K, 100% used [0x00000000d5f00000,0x00000000e8980000,0x00000000e8980000)
  from space 13312K, 6% used [0x00000000e8980000,0x00000000e8a50030,0x00000000e9680000)
  to   space 12800K, 0% used [0x00000000ef480000,0x00000000ef480000,0x00000000f0100000)
 ParOldGen       total 74752K, used 24270K [0x0000000081c00000, 0x0000000086500000, 0x00000000d5f00000)
  object space 74752K, 32% used [0x0000000081c00000,0x00000000833b3b38,0x0000000086500000)
 Metaspace       used 20986K, capacity 22246K, committed 22528K, reserved 1069056K
  class space    used 2938K, capacity 3214K, committed 3328K, reserved 1048576K
Event: 7.720 GC heap after
Heap after GC invocations=15 (full 1):
 PSYoungGen      total 403968K, used 1024K [0x00000000d5f00000, 0x00000000efb80000, 0x0000000100000000)
  eden space 396800K, 0% used [0x00000000d5f00000,0x00000000d5f00000,0x00000000ee280000)
  from space 7168K, 14% used [0x00000000ef480000,0x00000000ef580030,0x00000000efb80000)
  to   space 12800K, 0% used [0x00000000ee280000,0x00000000ee280000,0x00000000eef00000)
 ParOldGen       total 74752K, used 24294K [0x0000000081c00000, 0x0000000086500000, 0x00000000d5f00000)
  object space 74752K, 32% used [0x0000000081c00000,0x00000000833b9b38,0x0000000086500000)
 Metaspace       used 20986K, capacity 22246K, committed 22528K, reserved 1069056K
  class space    used 2938K, capacity 3214K, committed 3328K, reserved 1048576K
}

